[debug] [2023-01-07T18:30:35.028Z] ----------------------------------------------------------------------
[debug] [2023-01-07T18:30:35.032Z] Command:       C:\Program Files\nodejs\node.exe C:\Users\User\AppData\Roaming\npm\node_modules\firebase-tools\lib\bin\firebase.js deploy
[debug] [2023-01-07T18:30:35.032Z] CLI Version:   11.20.0
[debug] [2023-01-07T18:30:35.032Z] Platform:      win32
[debug] [2023-01-07T18:30:35.033Z] Node Version:  v16.15.1
[debug] [2023-01-07T18:30:35.034Z] Time:          Sun Jan 08 2023 00:30:35 GMT+0600 (Bangladesh Standard Time)
[debug] [2023-01-07T18:30:35.034Z] ----------------------------------------------------------------------
[debug] 
[debug] [2023-01-07T18:30:35.040Z] >>> [apiv2][query] GET https://firebase-public.firebaseio.com/cli.json [none]
[debug] [2023-01-07T18:30:35.149Z] > command requires scopes: ["email","openid","https://www.googleapis.com/auth/cloudplatformprojects.readonly","https://www.googleapis.com/auth/firebase","https://www.googleapis.com/auth/cloud-platform"]
[debug] [2023-01-07T18:30:35.150Z] > authorizing via signed-in user (md.rakibul.islam.0501@gmail.com)
[debug] [2023-01-07T18:30:35.150Z] [iam] checking project programmer-621f5 for permissions ["firebase.projects.get","firebasehosting.sites.update"]
[debug] [2023-01-07T18:30:35.151Z] >>> [apiv2][query] POST https://cloudresourcemanager.googleapis.com/v1/projects/programmer-621f5:testIamPermissions [none]
[debug] [2023-01-07T18:30:35.152Z] >>> [apiv2][(partial)header] POST https://cloudresourcemanager.googleapis.com/v1/projects/programmer-621f5:testIamPermissions x-goog-quota-user=projects/programmer-621f5
[debug] [2023-01-07T18:30:35.152Z] >>> [apiv2][body] POST https://cloudresourcemanager.googleapis.com/v1/projects/programmer-621f5:testIamPermissions {"permissions":["firebase.projects.get","firebasehosting.sites.update"]}
[debug] [2023-01-07T18:30:35.816Z] <<< [apiv2][status] GET https://firebase-public.firebaseio.com/cli.json 200
[debug] [2023-01-07T18:30:35.816Z] <<< [apiv2][body] GET https://firebase-public.firebaseio.com/cli.json {"cloudBuildErrorAfter":1594252800000,"cloudBuildWarnAfter":1590019200000,"defaultNode10After":1594252800000,"minVersion":"3.0.5","node8DeploysDisabledAfter":1613390400000,"node8RuntimeDisabledAfter":1615809600000,"node8WarnAfter":1600128000000}
[debug] [2023-01-07T18:33:38.464Z] [iam] error while checking permissions, command may fail: FirebaseError: Failed to make request to https://cloudresourcemanager.googleapis.com/v1/projects/programmer-621f5:testIamPermissions
[debug] [2023-01-07T18:33:38.466Z] >>> [apiv2][query] GET https://firebase.googleapis.com/v1beta1/projects/programmer-621f5 [none]
[debug] [2023-01-07T18:33:49.571Z] Failed to make request to https://firebase.googleapis.com/v1beta1/projects/programmer-621f5
[debug] [2023-01-07T18:33:49.883Z] FirebaseError: Failed to make request to https://firebase.googleapis.com/v1beta1/projects/programmer-621f5
    at RetryOperation._fn (C:\Users\User\AppData\Roaming\npm\node_modules\firebase-tools\lib\apiv2.js:242:31)
    at processTicksAndRejections (node:internal/process/task_queues:96:5)
[error] 
[error] Error: Failed to get Firebase project programmer-621f5. Please make sure the project exists and your account has permission to access it.
[debug] [2023-01-10T07:33:08.522Z] ----------------------------------------------------------------------
[debug] [2023-01-10T07:33:08.525Z] Command:       C:\Program Files\nodejs\node.exe C:\Users\User\AppData\Roaming\npm\node_modules\firebase-tools\lib\bin\firebase.js deploy
[debug] [2023-01-10T07:33:08.526Z] CLI Version:   11.20.0
[debug] [2023-01-10T07:33:08.526Z] Platform:      win32
[debug] [2023-01-10T07:33:08.526Z] Node Version:  v16.15.1
[debug] [2023-01-10T07:33:08.553Z] Time:          Tue Jan 10 2023 13:33:08 GMT+0600 (Bangladesh Standard Time)
[debug] [2023-01-10T07:33:08.554Z] ----------------------------------------------------------------------
[debug] 
[debug] [2023-01-10T07:33:08.566Z] >>> [apiv2][query] GET https://firebase-public.firebaseio.com/cli.json [none]
[debug] [2023-01-10T07:33:08.786Z] > command requires scopes: ["email","openid","https://www.googleapis.com/auth/cloudplatformprojects.readonly","https://www.googleapis.com/auth/firebase","https://www.googleapis.com/auth/cloud-platform"]
[debug] [2023-01-10T07:33:08.787Z] > authorizing via signed-in user (md.rakibul.islam.0501@gmail.com)
[debug] [2023-01-10T07:33:08.788Z] [iam] checking project programmer-621f5 for permissions ["firebase.projects.get","firebasehosting.sites.update"]
[debug] [2023-01-10T07:33:08.790Z] > refreshing access token with scopes: []
[debug] [2023-01-10T07:33:08.791Z] >>> [apiv2][query] POST https://www.googleapis.com/oauth2/v3/token [none]
[debug] [2023-01-10T07:33:08.792Z] >>> [apiv2][body] POST https://www.googleapis.com/oauth2/v3/token [omitted]
[debug] [2023-01-10T07:33:10.073Z] <<< [apiv2][status] GET https://firebase-public.firebaseio.com/cli.json 200
[debug] [2023-01-10T07:33:10.074Z] <<< [apiv2][body] GET https://firebase-public.firebaseio.com/cli.json {"cloudBuildErrorAfter":1594252800000,"cloudBuildWarnAfter":1590019200000,"defaultNode10After":1594252800000,"minVersion":"3.0.5","node8DeploysDisabledAfter":1613390400000,"node8RuntimeDisabledAfter":1615809600000,"node8WarnAfter":1600128000000}
[debug] [2023-01-10T07:33:10.382Z] <<< [apiv2][status] POST https://www.googleapis.com/oauth2/v3/token 200
[debug] [2023-01-10T07:33:10.383Z] <<< [apiv2][body] POST https://www.googleapis.com/oauth2/v3/token [omitted]
[debug] [2023-01-10T07:33:10.403Z] >>> [apiv2][query] POST https://cloudresourcemanager.googleapis.com/v1/projects/programmer-621f5:testIamPermissions [none]
[debug] [2023-01-10T07:33:10.403Z] >>> [apiv2][(partial)header] POST https://cloudresourcemanager.googleapis.com/v1/projects/programmer-621f5:testIamPermissions x-goog-quota-user=projects/programmer-621f5
[debug] [2023-01-10T07:33:10.403Z] >>> [apiv2][body] POST https://cloudresourcemanager.googleapis.com/v1/projects/programmer-621f5:testIamPermissions {"permissions":["firebase.projects.get","firebasehosting.sites.update"]}
[debug] [2023-01-10T07:33:12.858Z] <<< [apiv2][status] POST https://cloudresourcemanager.googleapis.com/v1/projects/programmer-621f5:testIamPermissions 200
[debug] [2023-01-10T07:33:12.858Z] <<< [apiv2][body] POST https://cloudresourcemanager.googleapis.com/v1/projects/programmer-621f5:testIamPermissions {"permissions":["firebase.projects.get","firebasehosting.sites.update"]}
[debug] [2023-01-10T07:33:12.861Z] >>> [apiv2][query] GET https://firebase.googleapis.com/v1beta1/projects/programmer-621f5 [none]
[debug] [2023-01-10T07:33:14.283Z] <<< [apiv2][status] GET https://firebase.googleapis.com/v1beta1/projects/programmer-621f5 200
[debug] [2023-01-10T07:33:14.284Z] <<< [apiv2][body] GET https://firebase.googleapis.com/v1beta1/projects/programmer-621f5 {"projectId":"programmer-621f5","projectNumber":"437213961854","displayName":"programmer","name":"projects/programmer-621f5","resources":{"hostingSite":"programmer-621f5"},"state":"ACTIVE","etag":"1_30e10ae7-2206-4143-8578-513dcfd56b90"}
[info] 
[info] === Deploying to 'programmer-621f5'...
[info] 
[info] i  deploying hosting 
[debug] [2023-01-10T07:33:14.306Z] >>> [apiv2][query] POST https://firebasehosting.googleapis.com/v1beta1/projects/-/sites/programmer-621f5/versions [none]
[debug] [2023-01-10T07:33:14.307Z] >>> [apiv2][body] POST https://firebasehosting.googleapis.com/v1beta1/projects/-/sites/programmer-621f5/versions {"status":"CREATED","labels":{"deployment-tool":"cli-firebase"}}
[debug] [2023-01-10T07:33:15.754Z] <<< [apiv2][status] POST https://firebasehosting.googleapis.com/v1beta1/projects/-/sites/programmer-621f5/versions 200
[debug] [2023-01-10T07:33:15.754Z] <<< [apiv2][body] POST https://firebasehosting.googleapis.com/v1beta1/projects/-/sites/programmer-621f5/versions {"name":"projects/437213961854/sites/programmer-621f5/versions/3908dd3a09edaff6","status":"CREATED","config":{},"labels":{"deployment-tool":"cli-firebase"}}
[info] i  hosting[programmer-621f5]: beginning deploy... 
[info] i  hosting[programmer-621f5]: found 38 files in build 
[debug] [2023-01-10T07:33:15.806Z] [hosting] uploading with 200 concurrency
[debug] [2023-01-10T07:33:17.230Z] [hosting] hash cache [YnVpbGQ] stored for 38 files
[debug] [2023-01-10T07:33:17.231Z] [hosting][hash queue][FINAL] {"max":1327,"min":18,"avg":138.21052631578948,"active":0,"complete":38,"success":38,"errored":0,"retried":0,"total":38,"elapsed":1353}
[debug] [2023-01-10T07:33:17.233Z] >>> [apiv2][query] POST https://firebasehosting.googleapis.com/v1beta1/projects/437213961854/sites/programmer-621f5/versions/3908dd3a09edaff6:populateFiles [none]
[debug] [2023-01-10T07:33:17.233Z] >>> [apiv2][body] POST https://firebasehosting.googleapis.com/v1beta1/projects/437213961854/sites/programmer-621f5/versions/3908dd3a09edaff6:populateFiles {"files":{"/favicon.ico":"293f3b27a2b587b9e35291ea7d5db1265fc6264a39aa328f0909463e3d64fe13","/logo192.png":"3ee59515172ee198f3be375979df15ac5345183e656720a381b8872b2a39dc8b","/logo512.png":"ee7e2f3fdb8209c4b6fd7bef6ba50d1b9dba30a25bb5c3126df057e1cb6f5331","/manifest.json":"aff3449bdc238776f5d6d967f19ec491b36aed5fb7f23ccff6500736fd58494a","/robots.txt":"bfe106a3fb878dc83461c86818bf74fc1bdc7f28538ba613cd3e775516ce8b49","/index.html":"b70635525767649b06da8a76c9ad26dcec83f67b925b91c23116bfd2a4844689","/asset-manifest.json":"62407ea687a544b7eedec421031693a01239a813485084949fcad544664d4526","/images/facebook.png":"14b46c35bc41994a66830d42634d4450a773c9e121dd431251d26e7b9e8f8a4a","/images/twitter.png":"a330d87c109cc4e8c578a6f97c5ebed007ce498c84cf15d89b4f0bfcacafb2cf","/static/css/main.7dcf246f.css.map":"faac9f4bac5c403eeed4d4bad109ca9bf8e0b10a7c2cfa7db5458250573d508e","/static/js/236.b11aa43d.chunk.js.LICENSE.txt":"2396ecbf0fd5cabdafa2bda8c7f34f244ecac9a8d61ff28597b2bf99a0ac20df","/static/css/main.7dcf246f.css":"3813d8b01ff7dfa51d547747ead84a2573f08f84ff283ff2287e176292145d20","/static/js/703.75915579.chunk.js":"43e0ecfabd99cffe6e934b150dfdccc2a166bb805e5ad7d9bea7e9ecf20f28b6","/static/js/703.75915579.chunk.js.LICENSE.txt":"cfbae90292fb506144e442142fcfcdb77242a5491dbc74a361cd61c3e8b608ed","/static/js/787.512b50b9.chunk.js":"c509b8a59c2d81e78b9bd8d9da0cbcedf719e937458a247cf184175efe8b8423","/static/js/787.512b50b9.chunk.js.map":"04ed59afe542e5e7d68d84241bff4200ca6a1bf6095fa4e8b360005ce54a3529","/static/js/main.c3e9103f.js.LICENSE.txt":"af700ea6b28b78b4ada47b408c910d8a656c1d669f319832984e34c86498ad51","/static/media/facebook.795fce8e464693d7346d.png":"14b46c35bc41994a66830d42634d4450a773c9e121dd431251d26e7b9e8f8a4a","/static/media/logo.6ce24c58023cc2f8fd88fe9d219db6c6.svg":"ac1a3d8899432561573d6a5cf56459437c09b902599a1deb91c0f8d4bb40459d","/static/media/twitter.112d93100806a70e5d28.png":"a330d87c109cc4e8c578a6f97c5ebed007ce498c84cf15d89b4f0bfcacafb2cf","/static/js/703.75915579.chunk.js.map":"5e23982671cec30034a773b6436ed3801c0b4037dc5681f69176d2fa6921bd1a","/images/instagram.png":"bd1e0066b9411b201b052e21c896fabd63e67e6b1a347079eb4c70e5a46a41bf","/static/media/instagram.e719d8b29f452a16302d.png":"bd1e0066b9411b201b052e21c896fabd63e67e6b1a347079eb4c70e5a46a41bf","/static/js/513.1f8d0df7.chunk.js":"d3f5bbebf75c8a7b0d95662393d09e7f41408f87155d9849c22af6be6350a69b","/static/media/mehedi.b02f8059fdd59eb2035c.jpg":"f1f0b86c65dc871be341f1f8edcfadc17b570f6f1add5eae8ea35462b902fbda","/static/js/236.b11aa43d.chunk.js":"abe51b1c6dad3d20aec643a9f76c78d1e9ab0d2984fa8ed061b0d44ae0ec16eb","/static/media/siam.151a714e2a3fb4e4562b.jpg":"ff53886203eaff822f568f2ae738b46f8bca9ead836fc7867490b764ff3a0539","/static/media/akash.fd705fd4a78ed147042b.jpg":"973cf3b45608a9944c5134fe013263a893fe19d5da40f5393ec8002d6532b793","/static/media/shanto.ef7f4743d90fb9306e36.jpg":"3585d03d3ad5789125a75f7c0cce9937b3fff6f006b36c02360c1f0222e2659d","/static/media/tanvir.9d832657c4afbd512c12.jpg":"dc722b65fceb31f7761e2a810cf9f74594fec15fc0fd45a1d4b71b089113fc2f","/static/media/jhankar.47b186497f6f8d75bbb0.jpg":"010e191adba435f233e727ffc6d02b1c126b57197f0094104c46ee5fcb7e80c7","/static/js/513.1f8d0df7.chunk.js.map":"eea9f4936d4999e49090ac765ee6a1375672f600a5967eb1711b7bf8125e4962","/static/js/236.b11aa43d.chunk.js.map":"6a2a4ae1357b2e640afe4918b75b0ceab80920c0c21442c6d51b5c3820e83bbb","/static/media/emon.fc67fdb238db6d2ae49a.jpg":"4d252de489c3a95d561814a3dbb28fb7250b920db4b557a684bbfc8a3bd29205","/static/media/pulok.4c01763e2b90065ed5e8.jpg":"754f55d511101c84b6bb22deb6cf713c498dd4c10e31d0dec54092bd233b263c","/static/js/main.c3e9103f.js":"001afeeb347485ad598a88050ce27db08f2a77fe27f1421d0b4913069ff03278","/static/media/songlap.ec2ac51582aabe63198b.jpg":"d30945318bbfeee5fac600ef485fa128fd86be579540061e24d6ab0fbecc4e8c","/static/js/main.c3e9103f.js.map":"f47fd52e813964fa45278754eaaf52545066270987b00c7de334d9d516d03683"}}
[debug] [2023-01-10T07:34:08.219Z] [populateQueue] Retrying task index 0
[debug] [2023-01-10T07:34:08.220Z] >>> [apiv2][query] POST https://firebasehosting.googleapis.com/v1beta1/projects/437213961854/sites/programmer-621f5/versions/3908dd3a09edaff6:populateFiles [none]
[debug] [2023-01-10T07:34:08.221Z] >>> [apiv2][body] POST https://firebasehosting.googleapis.com/v1beta1/projects/437213961854/sites/programmer-621f5/versions/3908dd3a09edaff6:populateFiles {"files":{"/favicon.ico":"293f3b27a2b587b9e35291ea7d5db1265fc6264a39aa328f0909463e3d64fe13","/logo192.png":"3ee59515172ee198f3be375979df15ac5345183e656720a381b8872b2a39dc8b","/logo512.png":"ee7e2f3fdb8209c4b6fd7bef6ba50d1b9dba30a25bb5c3126df057e1cb6f5331","/manifest.json":"aff3449bdc238776f5d6d967f19ec491b36aed5fb7f23ccff6500736fd58494a","/robots.txt":"bfe106a3fb878dc83461c86818bf74fc1bdc7f28538ba613cd3e775516ce8b49","/index.html":"b70635525767649b06da8a76c9ad26dcec83f67b925b91c23116bfd2a4844689","/asset-manifest.json":"62407ea687a544b7eedec421031693a01239a813485084949fcad544664d4526","/images/facebook.png":"14b46c35bc41994a66830d42634d4450a773c9e121dd431251d26e7b9e8f8a4a","/images/twitter.png":"a330d87c109cc4e8c578a6f97c5ebed007ce498c84cf15d89b4f0bfcacafb2cf","/static/css/main.7dcf246f.css.map":"faac9f4bac5c403eeed4d4bad109ca9bf8e0b10a7c2cfa7db5458250573d508e","/static/js/236.b11aa43d.chunk.js.LICENSE.txt":"2396ecbf0fd5cabdafa2bda8c7f34f244ecac9a8d61ff28597b2bf99a0ac20df","/static/css/main.7dcf246f.css":"3813d8b01ff7dfa51d547747ead84a2573f08f84ff283ff2287e176292145d20","/static/js/703.75915579.chunk.js":"43e0ecfabd99cffe6e934b150dfdccc2a166bb805e5ad7d9bea7e9ecf20f28b6","/static/js/703.75915579.chunk.js.LICENSE.txt":"cfbae90292fb506144e442142fcfcdb77242a5491dbc74a361cd61c3e8b608ed","/static/js/787.512b50b9.chunk.js":"c509b8a59c2d81e78b9bd8d9da0cbcedf719e937458a247cf184175efe8b8423","/static/js/787.512b50b9.chunk.js.map":"04ed59afe542e5e7d68d84241bff4200ca6a1bf6095fa4e8b360005ce54a3529","/static/js/main.c3e9103f.js.LICENSE.txt":"af700ea6b28b78b4ada47b408c910d8a656c1d669f319832984e34c86498ad51","/static/media/facebook.795fce8e464693d7346d.png":"14b46c35bc41994a66830d42634d4450a773c9e121dd431251d26e7b9e8f8a4a","/static/media/logo.6ce24c58023cc2f8fd88fe9d219db6c6.svg":"ac1a3d8899432561573d6a5cf56459437c09b902599a1deb91c0f8d4bb40459d","/static/media/twitter.112d93100806a70e5d28.png":"a330d87c109cc4e8c578a6f97c5ebed007ce498c84cf15d89b4f0bfcacafb2cf","/static/js/703.75915579.chunk.js.map":"5e23982671cec30034a773b6436ed3801c0b4037dc5681f69176d2fa6921bd1a","/images/instagram.png":"bd1e0066b9411b201b052e21c896fabd63e67e6b1a347079eb4c70e5a46a41bf","/static/media/instagram.e719d8b29f452a16302d.png":"bd1e0066b9411b201b052e21c896fabd63e67e6b1a347079eb4c70e5a46a41bf","/static/js/513.1f8d0df7.chunk.js":"d3f5bbebf75c8a7b0d95662393d09e7f41408f87155d9849c22af6be6350a69b","/static/media/mehedi.b02f8059fdd59eb2035c.jpg":"f1f0b86c65dc871be341f1f8edcfadc17b570f6f1add5eae8ea35462b902fbda","/static/js/236.b11aa43d.chunk.js":"abe51b1c6dad3d20aec643a9f76c78d1e9ab0d2984fa8ed061b0d44ae0ec16eb","/static/media/siam.151a714e2a3fb4e4562b.jpg":"ff53886203eaff822f568f2ae738b46f8bca9ead836fc7867490b764ff3a0539","/static/media/akash.fd705fd4a78ed147042b.jpg":"973cf3b45608a9944c5134fe013263a893fe19d5da40f5393ec8002d6532b793","/static/media/shanto.ef7f4743d90fb9306e36.jpg":"3585d03d3ad5789125a75f7c0cce9937b3fff6f006b36c02360c1f0222e2659d","/static/media/tanvir.9d832657c4afbd512c12.jpg":"dc722b65fceb31f7761e2a810cf9f74594fec15fc0fd45a1d4b71b089113fc2f","/static/media/jhankar.47b186497f6f8d75bbb0.jpg":"010e191adba435f233e727ffc6d02b1c126b57197f0094104c46ee5fcb7e80c7","/static/js/513.1f8d0df7.chunk.js.map":"eea9f4936d4999e49090ac765ee6a1375672f600a5967eb1711b7bf8125e4962","/static/js/236.b11aa43d.chunk.js.map":"6a2a4ae1357b2e640afe4918b75b0ceab80920c0c21442c6d51b5c3820e83bbb","/static/media/emon.fc67fdb238db6d2ae49a.jpg":"4d252de489c3a95d561814a3dbb28fb7250b920db4b557a684bbfc8a3bd29205","/static/media/pulok.4c01763e2b90065ed5e8.jpg":"754f55d511101c84b6bb22deb6cf713c498dd4c10e31d0dec54092bd233b263c","/static/js/main.c3e9103f.js":"001afeeb347485ad598a88050ce27db08f2a77fe27f1421d0b4913069ff03278","/static/media/songlap.ec2ac51582aabe63198b.jpg":"d30945318bbfeee5fac600ef485fa128fd86be579540061e24d6ab0fbecc4e8c","/static/js/main.c3e9103f.js.map":"f47fd52e813964fa45278754eaaf52545066270987b00c7de334d9d516d03683"}}
[debug] [2023-01-10T09:21:35.011Z] ----------------------------------------------------------------------
[debug] [2023-01-10T09:21:35.014Z] Command:       C:\Program Files\nodejs\node.exe C:\Users\User\AppData\Roaming\npm\node_modules\firebase-tools\lib\bin\firebase.js deploy
[debug] [2023-01-10T09:21:35.014Z] CLI Version:   11.20.0
[debug] [2023-01-10T09:21:35.015Z] Platform:      win32
[debug] [2023-01-10T09:21:35.015Z] Node Version:  v16.15.1
[debug] [2023-01-10T09:21:35.017Z] Time:          Tue Jan 10 2023 15:21:35 GMT+0600 (Bangladesh Standard Time)
[debug] [2023-01-10T09:21:35.018Z] ----------------------------------------------------------------------
[debug] 
[debug] [2023-01-10T09:21:35.110Z] > command requires scopes: ["email","openid","https://www.googleapis.com/auth/cloudplatformprojects.readonly","https://www.googleapis.com/auth/firebase","https://www.googleapis.com/auth/cloud-platform"]
[debug] [2023-01-10T09:21:35.110Z] > authorizing via signed-in user (md.rakibul.islam.0501@gmail.com)
[debug] [2023-01-10T09:21:35.110Z] [iam] checking project programmer-621f5 for permissions ["firebase.projects.get","firebasehosting.sites.update"]
[debug] [2023-01-10T09:21:35.112Z] > refreshing access token with scopes: []
[debug] [2023-01-10T09:21:35.115Z] >>> [apiv2][query] POST https://www.googleapis.com/oauth2/v3/token [none]
[debug] [2023-01-10T09:21:35.115Z] >>> [apiv2][body] POST https://www.googleapis.com/oauth2/v3/token [omitted]
[debug] [2023-01-10T09:21:35.456Z] <<< [apiv2][status] POST https://www.googleapis.com/oauth2/v3/token 200
[debug] [2023-01-10T09:21:35.456Z] <<< [apiv2][body] POST https://www.googleapis.com/oauth2/v3/token [omitted]
[debug] [2023-01-10T09:21:35.468Z] >>> [apiv2][query] POST https://cloudresourcemanager.googleapis.com/v1/projects/programmer-621f5:testIamPermissions [none]
[debug] [2023-01-10T09:21:35.468Z] >>> [apiv2][(partial)header] POST https://cloudresourcemanager.googleapis.com/v1/projects/programmer-621f5:testIamPermissions x-goog-quota-user=projects/programmer-621f5
[debug] [2023-01-10T09:21:35.468Z] >>> [apiv2][body] POST https://cloudresourcemanager.googleapis.com/v1/projects/programmer-621f5:testIamPermissions {"permissions":["firebase.projects.get","firebasehosting.sites.update"]}
[debug] [2023-01-10T09:21:36.967Z] <<< [apiv2][status] POST https://cloudresourcemanager.googleapis.com/v1/projects/programmer-621f5:testIamPermissions 200
[debug] [2023-01-10T09:21:36.967Z] <<< [apiv2][body] POST https://cloudresourcemanager.googleapis.com/v1/projects/programmer-621f5:testIamPermissions {"permissions":["firebase.projects.get","firebasehosting.sites.update"]}
[debug] [2023-01-10T09:21:36.969Z] >>> [apiv2][query] GET https://firebase.googleapis.com/v1beta1/projects/programmer-621f5 [none]
[debug] [2023-01-10T09:21:48.079Z] Failed to make request to https://firebase.googleapis.com/v1beta1/projects/programmer-621f5
[debug] [2023-01-10T09:21:53.095Z] Error: Timed out.
    at Timeout._onTimeout (C:\Users\User\AppData\Roaming\npm\node_modules\firebase-tools\lib\utils.js:253:49)
    at listOnTimeout (node:internal/timers:559:17)
    at processTimers (node:internal/timers:502:7)
[error] 
[error] Error: An unexpected error has occurred.
[debug] [2023-01-13T04:20:00.673Z] ----------------------------------------------------------------------
[debug] [2023-01-13T04:20:00.677Z] Command:       C:\Program Files\nodejs\node.exe C:\Users\User\AppData\Roaming\npm\node_modules\firebase-tools\lib\bin\firebase.js deploy
[debug] [2023-01-13T04:20:00.680Z] CLI Version:   11.20.0
[debug] [2023-01-13T04:20:00.680Z] Platform:      win32
[debug] [2023-01-13T04:20:00.680Z] Node Version:  v16.15.1
[debug] [2023-01-13T04:20:00.683Z] Time:          Fri Jan 13 2023 10:20:00 GMT+0600 (Bangladesh Standard Time)
[debug] [2023-01-13T04:20:00.684Z] ----------------------------------------------------------------------
[debug] 
[debug] [2023-01-13T04:20:00.871Z] > command requires scopes: ["email","openid","https://www.googleapis.com/auth/cloudplatformprojects.readonly","https://www.googleapis.com/auth/firebase","https://www.googleapis.com/auth/cloud-platform"]
[debug] [2023-01-13T04:20:00.872Z] > authorizing via signed-in user (md.rakibul.islam.0501@gmail.com)
[debug] [2023-01-13T04:20:00.873Z] [iam] checking project programmer-621f5 for permissions ["firebase.projects.get","firebasehosting.sites.update"]
[debug] [2023-01-13T04:20:00.881Z] >>> [apiv2][query] POST https://cloudresourcemanager.googleapis.com/v1/projects/programmer-621f5:testIamPermissions [none]
[debug] [2023-01-13T04:20:00.882Z] >>> [apiv2][(partial)header] POST https://cloudresourcemanager.googleapis.com/v1/projects/programmer-621f5:testIamPermissions x-goog-quota-user=projects/programmer-621f5
[debug] [2023-01-13T04:20:00.882Z] >>> [apiv2][body] POST https://cloudresourcemanager.googleapis.com/v1/projects/programmer-621f5:testIamPermissions {"permissions":["firebase.projects.get","firebasehosting.sites.update"]}
[debug] [2023-01-13T04:20:03.263Z] <<< [apiv2][status] POST https://cloudresourcemanager.googleapis.com/v1/projects/programmer-621f5:testIamPermissions 200
[debug] [2023-01-13T04:20:03.266Z] <<< [apiv2][body] POST https://cloudresourcemanager.googleapis.com/v1/projects/programmer-621f5:testIamPermissions {"permissions":["firebase.projects.get","firebasehosting.sites.update"]}
[debug] [2023-01-13T04:20:03.274Z] >>> [apiv2][query] GET https://firebase.googleapis.com/v1beta1/projects/programmer-621f5 [none]
[debug] [2023-01-13T04:20:04.325Z] <<< [apiv2][status] GET https://firebase.googleapis.com/v1beta1/projects/programmer-621f5 200
[debug] [2023-01-13T04:20:04.326Z] <<< [apiv2][body] GET https://firebase.googleapis.com/v1beta1/projects/programmer-621f5 {"projectId":"programmer-621f5","projectNumber":"437213961854","displayName":"programmer","name":"projects/programmer-621f5","resources":{"hostingSite":"programmer-621f5"},"state":"ACTIVE","etag":"1_30e10ae7-2206-4143-8578-513dcfd56b90"}
[info] 
[info] === Deploying to 'programmer-621f5'...
[info] 
[info] i  deploying hosting 
[debug] [2023-01-13T04:20:04.356Z] >>> [apiv2][query] POST https://firebasehosting.googleapis.com/v1beta1/projects/-/sites/programmer-621f5/versions [none]
[debug] [2023-01-13T04:20:04.357Z] >>> [apiv2][body] POST https://firebasehosting.googleapis.com/v1beta1/projects/-/sites/programmer-621f5/versions {"status":"CREATED","labels":{"deployment-tool":"cli-firebase"}}
[debug] [2023-01-13T04:20:05.989Z] <<< [apiv2][status] POST https://firebasehosting.googleapis.com/v1beta1/projects/-/sites/programmer-621f5/versions 200
[debug] [2023-01-13T04:20:05.989Z] <<< [apiv2][body] POST https://firebasehosting.googleapis.com/v1beta1/projects/-/sites/programmer-621f5/versions {"name":"projects/437213961854/sites/programmer-621f5/versions/f28d2ff28c5e4c82","status":"CREATED","config":{},"labels":{"deployment-tool":"cli-firebase"}}
[info] i  hosting[programmer-621f5]: beginning deploy... 
[info] i  hosting[programmer-621f5]: found 38 files in build 
[debug] [2023-01-13T04:20:15.656Z] [hosting] uploading with 200 concurrency
[debug] [2023-01-13T04:20:17.187Z] [hosting] hash cache [YnVpbGQ] stored for 38 files
[debug] [2023-01-13T04:20:17.188Z] [hosting][hash queue][FINAL] {"max":1369,"min":19,"avg":147.1578947368421,"active":0,"complete":38,"success":38,"errored":0,"retried":0,"total":38,"elapsed":1390}
[debug] [2023-01-13T04:20:17.188Z] >>> [apiv2][query] POST https://firebasehosting.googleapis.com/v1beta1/projects/437213961854/sites/programmer-621f5/versions/f28d2ff28c5e4c82:populateFiles [none]
[debug] [2023-01-13T04:20:17.189Z] >>> [apiv2][body] POST https://firebasehosting.googleapis.com/v1beta1/projects/437213961854/sites/programmer-621f5/versions/f28d2ff28c5e4c82:populateFiles {"files":{"/favicon.ico":"293f3b27a2b587b9e35291ea7d5db1265fc6264a39aa328f0909463e3d64fe13","/logo192.png":"3ee59515172ee198f3be375979df15ac5345183e656720a381b8872b2a39dc8b","/logo512.png":"ee7e2f3fdb8209c4b6fd7bef6ba50d1b9dba30a25bb5c3126df057e1cb6f5331","/manifest.json":"aff3449bdc238776f5d6d967f19ec491b36aed5fb7f23ccff6500736fd58494a","/robots.txt":"bfe106a3fb878dc83461c86818bf74fc1bdc7f28538ba613cd3e775516ce8b49","/images/facebook.png":"14b46c35bc41994a66830d42634d4450a773c9e121dd431251d26e7b9e8f8a4a","/images/instagram.png":"bd1e0066b9411b201b052e21c896fabd63e67e6b1a347079eb4c70e5a46a41bf","/images/twitter.png":"a330d87c109cc4e8c578a6f97c5ebed007ce498c84cf15d89b4f0bfcacafb2cf","/asset-manifest.json":"6c71a7c05371c8f468ecf55dff272c616ca165cf4a6cdd28fa58b91aaefa6b39","/index.html":"a0511c1e196bd7c79721959ca63bc9cefb72c1a5b99e6ccc70b5bd4ae7e1f7fd","/static/css/main.5fa8b084.css":"257fe36b0c258e90f9d5d8474d39c6a7262c2c331f4b1ae257bd35dae13e1ca0","/static/css/main.5fa8b084.css.map":"29a7bb55d7d94f9517a115a625fdac44bf5393e69a3602ac2eea5571d4be7a2e","/static/js/236.b11aa43d.chunk.js.LICENSE.txt":"2396ecbf0fd5cabdafa2bda8c7f34f244ecac9a8d61ff28597b2bf99a0ac20df","/static/js/703.75915579.chunk.js.LICENSE.txt":"cfbae90292fb506144e442142fcfcdb77242a5491dbc74a361cd61c3e8b608ed","/static/js/703.75915579.chunk.js":"43e0ecfabd99cffe6e934b150dfdccc2a166bb805e5ad7d9bea7e9ecf20f28b6","/static/js/787.512b50b9.chunk.js":"c509b8a59c2d81e78b9bd8d9da0cbcedf719e937458a247cf184175efe8b8423","/static/js/787.512b50b9.chunk.js.map":"04ed59afe542e5e7d68d84241bff4200ca6a1bf6095fa4e8b360005ce54a3529","/static/js/main.87f1aa11.js.LICENSE.txt":"af700ea6b28b78b4ada47b408c910d8a656c1d669f319832984e34c86498ad51","/static/media/facebook.795fce8e464693d7346d.png":"14b46c35bc41994a66830d42634d4450a773c9e121dd431251d26e7b9e8f8a4a","/static/media/logo.6ce24c58023cc2f8fd88fe9d219db6c6.svg":"ac1a3d8899432561573d6a5cf56459437c09b902599a1deb91c0f8d4bb40459d","/static/media/twitter.112d93100806a70e5d28.png":"a330d87c109cc4e8c578a6f97c5ebed007ce498c84cf15d89b4f0bfcacafb2cf","/static/js/703.75915579.chunk.js.map":"5e23982671cec30034a773b6436ed3801c0b4037dc5681f69176d2fa6921bd1a","/static/media/instagram.e719d8b29f452a16302d.png":"bd1e0066b9411b201b052e21c896fabd63e67e6b1a347079eb4c70e5a46a41bf","/static/js/513.1f8d0df7.chunk.js":"d3f5bbebf75c8a7b0d95662393d09e7f41408f87155d9849c22af6be6350a69b","/static/media/mehedi.b02f8059fdd59eb2035c.jpg":"f1f0b86c65dc871be341f1f8edcfadc17b570f6f1add5eae8ea35462b902fbda","/static/media/siam.151a714e2a3fb4e4562b.jpg":"ff53886203eaff822f568f2ae738b46f8bca9ead836fc7867490b764ff3a0539","/static/js/236.b11aa43d.chunk.js":"abe51b1c6dad3d20aec643a9f76c78d1e9ab0d2984fa8ed061b0d44ae0ec16eb","/static/media/akash.fd705fd4a78ed147042b.jpg":"973cf3b45608a9944c5134fe013263a893fe19d5da40f5393ec8002d6532b793","/static/media/shanto.ef7f4743d90fb9306e36.jpg":"3585d03d3ad5789125a75f7c0cce9937b3fff6f006b36c02360c1f0222e2659d","/static/media/tanvir.9d832657c4afbd512c12.jpg":"dc722b65fceb31f7761e2a810cf9f74594fec15fc0fd45a1d4b71b089113fc2f","/static/media/jhankar.47b186497f6f8d75bbb0.jpg":"010e191adba435f233e727ffc6d02b1c126b57197f0094104c46ee5fcb7e80c7","/static/js/513.1f8d0df7.chunk.js.map":"eea9f4936d4999e49090ac765ee6a1375672f600a5967eb1711b7bf8125e4962","/static/js/236.b11aa43d.chunk.js.map":"6a2a4ae1357b2e640afe4918b75b0ceab80920c0c21442c6d51b5c3820e83bbb","/static/js/main.87f1aa11.js":"ba3d94e6252240399b735d2ce16aeb3cf33cca4f376957938325f9fd38c50d41","/static/media/emon.fc67fdb238db6d2ae49a.jpg":"4d252de489c3a95d561814a3dbb28fb7250b920db4b557a684bbfc8a3bd29205","/static/media/pulok.4c01763e2b90065ed5e8.jpg":"754f55d511101c84b6bb22deb6cf713c498dd4c10e31d0dec54092bd233b263c","/static/media/songlap.ec2ac51582aabe63198b.jpg":"d30945318bbfeee5fac600ef485fa128fd86be579540061e24d6ab0fbecc4e8c","/static/js/main.87f1aa11.js.map":"2a0aac89b33c78b9824a20ff69fe9527004fae95a0fffb5a4ed02ccc8507824e"}}
[debug] [2023-01-13T04:20:18.712Z] <<< [apiv2][status] POST https://firebasehosting.googleapis.com/v1beta1/projects/437213961854/sites/programmer-621f5/versions/f28d2ff28c5e4c82:populateFiles 200
[debug] [2023-01-13T04:20:18.713Z] <<< [apiv2][body] POST https://firebasehosting.googleapis.com/v1beta1/projects/437213961854/sites/programmer-621f5/versions/f28d2ff28c5e4c82:populateFiles {"uploadRequiredHashes":["257fe36b0c258e90f9d5d8474d39c6a7262c2c331f4b1ae257bd35dae13e1ca0","a330d87c109cc4e8c578a6f97c5ebed007ce498c84cf15d89b4f0bfcacafb2cf","3585d03d3ad5789125a75f7c0cce9937b3fff6f006b36c02360c1f0222e2659d","dc722b65fceb31f7761e2a810cf9f74594fec15fc0fd45a1d4b71b089113fc2f","ba3d94e6252240399b735d2ce16aeb3cf33cca4f376957938325f9fd38c50d41","4d252de489c3a95d561814a3dbb28fb7250b920db4b557a684bbfc8a3bd29205","14b46c35bc41994a66830d42634d4450a773c9e121dd431251d26e7b9e8f8a4a","a0511c1e196bd7c79721959ca63bc9cefb72c1a5b99e6ccc70b5bd4ae7e1f7fd","d30945318bbfeee5fac600ef485fa128fd86be579540061e24d6ab0fbecc4e8c","ff53886203eaff822f568f2ae738b46f8bca9ead836fc7867490b764ff3a0539","bd1e0066b9411b201b052e21c896fabd63e67e6b1a347079eb4c70e5a46a41bf","973cf3b45608a9944c5134fe013263a893fe19d5da40f5393ec8002d6532b793","010e191adba435f233e727ffc6d02b1c126b57197f0094104c46ee5fcb7e80c7","29a7bb55d7d94f9517a115a625fdac44bf5393e69a3602ac2eea5571d4be7a2e","2a0aac89b33c78b9824a20ff69fe9527004fae95a0fffb5a4ed02ccc8507824e","754f55d511101c84b6bb22deb6cf713c498dd4c10e31d0dec54092bd233b263c","f1f0b86c65dc871be341f1f8edcfadc17b570f6f1add5eae8ea35462b902fbda","6c71a7c05371c8f468ecf55dff272c616ca165cf4a6cdd28fa58b91aaefa6b39"],"uploadUrl":"https://upload-firebasehosting.googleapis.com/upload/sites/programmer-621f5/versions/f28d2ff28c5e4c82/files"}
[debug] [2023-01-13T04:20:18.726Z] >>> [apiv2][query] POST https://upload-firebasehosting.googleapis.com/upload/sites/programmer-621f5/versions/f28d2ff28c5e4c82/files/257fe36b0c258e90f9d5d8474d39c6a7262c2c331f4b1ae257bd35dae13e1ca0 [none]
[debug] [2023-01-13T04:20:18.726Z] >>> [apiv2][body] POST https://upload-firebasehosting.googleapis.com/upload/sites/programmer-621f5/versions/f28d2ff28c5e4c82/files/257fe36b0c258e90f9d5d8474d39c6a7262c2c331f4b1ae257bd35dae13e1ca0 [stream]
[debug] [2023-01-13T04:20:18.730Z] >>> [apiv2][query] POST https://upload-firebasehosting.googleapis.com/upload/sites/programmer-621f5/versions/f28d2ff28c5e4c82/files/a330d87c109cc4e8c578a6f97c5ebed007ce498c84cf15d89b4f0bfcacafb2cf [none]
[debug] [2023-01-13T04:20:18.730Z] >>> [apiv2][body] POST https://upload-firebasehosting.googleapis.com/upload/sites/programmer-621f5/versions/f28d2ff28c5e4c82/files/a330d87c109cc4e8c578a6f97c5ebed007ce498c84cf15d89b4f0bfcacafb2cf [stream]
[debug] [2023-01-13T04:20:18.732Z] >>> [apiv2][query] POST https://upload-firebasehosting.googleapis.com/upload/sites/programmer-621f5/versions/f28d2ff28c5e4c82/files/3585d03d3ad5789125a75f7c0cce9937b3fff6f006b36c02360c1f0222e2659d [none]
[debug] [2023-01-13T04:20:18.732Z] >>> [apiv2][body] POST https://upload-firebasehosting.googleapis.com/upload/sites/programmer-621f5/versions/f28d2ff28c5e4c82/files/3585d03d3ad5789125a75f7c0cce9937b3fff6f006b36c02360c1f0222e2659d [stream]
[debug] [2023-01-13T04:20:18.734Z] >>> [apiv2][query] POST https://upload-firebasehosting.googleapis.com/upload/sites/programmer-621f5/versions/f28d2ff28c5e4c82/files/dc722b65fceb31f7761e2a810cf9f74594fec15fc0fd45a1d4b71b089113fc2f [none]
[debug] [2023-01-13T04:20:18.735Z] >>> [apiv2][body] POST https://upload-firebasehosting.googleapis.com/upload/sites/programmer-621f5/versions/f28d2ff28c5e4c82/files/dc722b65fceb31f7761e2a810cf9f74594fec15fc0fd45a1d4b71b089113fc2f [stream]
[debug] [2023-01-13T04:20:18.737Z] >>> [apiv2][query] POST https://upload-firebasehosting.googleapis.com/upload/sites/programmer-621f5/versions/f28d2ff28c5e4c82/files/ba3d94e6252240399b735d2ce16aeb3cf33cca4f376957938325f9fd38c50d41 [none]
[debug] [2023-01-13T04:20:18.737Z] >>> [apiv2][body] POST https://upload-firebasehosting.googleapis.com/upload/sites/programmer-621f5/versions/f28d2ff28c5e4c82/files/ba3d94e6252240399b735d2ce16aeb3cf33cca4f376957938325f9fd38c50d41 [stream]
[debug] [2023-01-13T04:20:18.740Z] >>> [apiv2][query] POST https://upload-firebasehosting.googleapis.com/upload/sites/programmer-621f5/versions/f28d2ff28c5e4c82/files/4d252de489c3a95d561814a3dbb28fb7250b920db4b557a684bbfc8a3bd29205 [none]
[debug] [2023-01-13T04:20:18.740Z] >>> [apiv2][body] POST https://upload-firebasehosting.googleapis.com/upload/sites/programmer-621f5/versions/f28d2ff28c5e4c82/files/4d252de489c3a95d561814a3dbb28fb7250b920db4b557a684bbfc8a3bd29205 [stream]
[debug] [2023-01-13T04:20:18.742Z] >>> [apiv2][query] POST https://upload-firebasehosting.googleapis.com/upload/sites/programmer-621f5/versions/f28d2ff28c5e4c82/files/14b46c35bc41994a66830d42634d4450a773c9e121dd431251d26e7b9e8f8a4a [none]
[debug] [2023-01-13T04:20:18.743Z] >>> [apiv2][body] POST https://upload-firebasehosting.googleapis.com/upload/sites/programmer-621f5/versions/f28d2ff28c5e4c82/files/14b46c35bc41994a66830d42634d4450a773c9e121dd431251d26e7b9e8f8a4a [stream]
[debug] [2023-01-13T04:20:18.744Z] >>> [apiv2][query] POST https://upload-firebasehosting.googleapis.com/upload/sites/programmer-621f5/versions/f28d2ff28c5e4c82/files/a0511c1e196bd7c79721959ca63bc9cefb72c1a5b99e6ccc70b5bd4ae7e1f7fd [none]
[debug] [2023-01-13T04:20:18.744Z] >>> [apiv2][body] POST https://upload-firebasehosting.googleapis.com/upload/sites/programmer-621f5/versions/f28d2ff28c5e4c82/files/a0511c1e196bd7c79721959ca63bc9cefb72c1a5b99e6ccc70b5bd4ae7e1f7fd [stream]
[debug] [2023-01-13T04:20:18.747Z] >>> [apiv2][query] POST https://upload-firebasehosting.googleapis.com/upload/sites/programmer-621f5/versions/f28d2ff28c5e4c82/files/d30945318bbfeee5fac600ef485fa128fd86be579540061e24d6ab0fbecc4e8c [none]
[debug] [2023-01-13T04:20:18.747Z] >>> [apiv2][body] POST https://upload-firebasehosting.googleapis.com/upload/sites/programmer-621f5/versions/f28d2ff28c5e4c82/files/d30945318bbfeee5fac600ef485fa128fd86be579540061e24d6ab0fbecc4e8c [stream]
[debug] [2023-01-13T04:20:18.749Z] >>> [apiv2][query] POST https://upload-firebasehosting.googleapis.com/upload/sites/programmer-621f5/versions/f28d2ff28c5e4c82/files/ff53886203eaff822f568f2ae738b46f8bca9ead836fc7867490b764ff3a0539 [none]
[debug] [2023-01-13T04:20:18.749Z] >>> [apiv2][body] POST https://upload-firebasehosting.googleapis.com/upload/sites/programmer-621f5/versions/f28d2ff28c5e4c82/files/ff53886203eaff822f568f2ae738b46f8bca9ead836fc7867490b764ff3a0539 [stream]
[debug] [2023-01-13T04:20:18.751Z] >>> [apiv2][query] POST https://upload-firebasehosting.googleapis.com/upload/sites/programmer-621f5/versions/f28d2ff28c5e4c82/files/bd1e0066b9411b201b052e21c896fabd63e67e6b1a347079eb4c70e5a46a41bf [none]
[debug] [2023-01-13T04:20:18.751Z] >>> [apiv2][body] POST https://upload-firebasehosting.googleapis.com/upload/sites/programmer-621f5/versions/f28d2ff28c5e4c82/files/bd1e0066b9411b201b052e21c896fabd63e67e6b1a347079eb4c70e5a46a41bf [stream]
[debug] [2023-01-13T04:20:18.753Z] >>> [apiv2][query] POST https://upload-firebasehosting.googleapis.com/upload/sites/programmer-621f5/versions/f28d2ff28c5e4c82/files/973cf3b45608a9944c5134fe013263a893fe19d5da40f5393ec8002d6532b793 [none]
[debug] [2023-01-13T04:20:18.753Z] >>> [apiv2][body] POST https://upload-firebasehosting.googleapis.com/upload/sites/programmer-621f5/versions/f28d2ff28c5e4c82/files/973cf3b45608a9944c5134fe013263a893fe19d5da40f5393ec8002d6532b793 [stream]
[debug] [2023-01-13T04:20:18.756Z] >>> [apiv2][query] POST https://upload-firebasehosting.googleapis.com/upload/sites/programmer-621f5/versions/f28d2ff28c5e4c82/files/010e191adba435f233e727ffc6d02b1c126b57197f0094104c46ee5fcb7e80c7 [none]
[debug] [2023-01-13T04:20:18.757Z] >>> [apiv2][body] POST https://upload-firebasehosting.googleapis.com/upload/sites/programmer-621f5/versions/f28d2ff28c5e4c82/files/010e191adba435f233e727ffc6d02b1c126b57197f0094104c46ee5fcb7e80c7 [stream]
[debug] [2023-01-13T04:20:18.758Z] >>> [apiv2][query] POST https://upload-firebasehosting.googleapis.com/upload/sites/programmer-621f5/versions/f28d2ff28c5e4c82/files/29a7bb55d7d94f9517a115a625fdac44bf5393e69a3602ac2eea5571d4be7a2e [none]
[debug] [2023-01-13T04:20:18.758Z] >>> [apiv2][body] POST https://upload-firebasehosting.googleapis.com/upload/sites/programmer-621f5/versions/f28d2ff28c5e4c82/files/29a7bb55d7d94f9517a115a625fdac44bf5393e69a3602ac2eea5571d4be7a2e [stream]
[debug] [2023-01-13T04:20:18.767Z] >>> [apiv2][query] POST https://upload-firebasehosting.googleapis.com/upload/sites/programmer-621f5/versions/f28d2ff28c5e4c82/files/2a0aac89b33c78b9824a20ff69fe9527004fae95a0fffb5a4ed02ccc8507824e [none]
[debug] [2023-01-13T04:20:18.767Z] >>> [apiv2][body] POST https://upload-firebasehosting.googleapis.com/upload/sites/programmer-621f5/versions/f28d2ff28c5e4c82/files/2a0aac89b33c78b9824a20ff69fe9527004fae95a0fffb5a4ed02ccc8507824e [stream]
[debug] [2023-01-13T04:20:18.769Z] >>> [apiv2][query] POST https://upload-firebasehosting.googleapis.com/upload/sites/programmer-621f5/versions/f28d2ff28c5e4c82/files/754f55d511101c84b6bb22deb6cf713c498dd4c10e31d0dec54092bd233b263c [none]
[debug] [2023-01-13T04:20:18.769Z] >>> [apiv2][body] POST https://upload-firebasehosting.googleapis.com/upload/sites/programmer-621f5/versions/f28d2ff28c5e4c82/files/754f55d511101c84b6bb22deb6cf713c498dd4c10e31d0dec54092bd233b263c [stream]
[debug] [2023-01-13T04:20:18.796Z] >>> [apiv2][query] POST https://upload-firebasehosting.googleapis.com/upload/sites/programmer-621f5/versions/f28d2ff28c5e4c82/files/f1f0b86c65dc871be341f1f8edcfadc17b570f6f1add5eae8ea35462b902fbda [none]
[debug] [2023-01-13T04:20:18.796Z] >>> [apiv2][body] POST https://upload-firebasehosting.googleapis.com/upload/sites/programmer-621f5/versions/f28d2ff28c5e4c82/files/f1f0b86c65dc871be341f1f8edcfadc17b570f6f1add5eae8ea35462b902fbda [stream]
[debug] [2023-01-13T04:20:18.799Z] >>> [apiv2][query] POST https://upload-firebasehosting.googleapis.com/upload/sites/programmer-621f5/versions/f28d2ff28c5e4c82/files/6c71a7c05371c8f468ecf55dff272c616ca165cf4a6cdd28fa58b91aaefa6b39 [none]
[debug] [2023-01-13T04:20:18.799Z] >>> [apiv2][body] POST https://upload-firebasehosting.googleapis.com/upload/sites/programmer-621f5/versions/f28d2ff28c5e4c82/files/6c71a7c05371c8f468ecf55dff272c616ca165cf4a6cdd28fa58b91aaefa6b39 [stream]
[debug] [2023-01-13T04:20:18.801Z] [hosting][populate queue][FINAL] {"max":1540,"min":1540,"avg":1540,"active":0,"complete":1,"success":1,"errored":0,"retried":0,"total":1,"elapsed":1616}
[debug] [2023-01-13T04:20:18.802Z] [hosting] uploads queued: 18
[debug] [2023-01-13T04:20:20.608Z] <<< [apiv2][status] POST https://upload-firebasehosting.googleapis.com/upload/sites/programmer-621f5/versions/f28d2ff28c5e4c82/files/14b46c35bc41994a66830d42634d4450a773c9e121dd431251d26e7b9e8f8a4a 200
[debug] [2023-01-13T04:20:20.608Z] <<< [apiv2][body] POST https://upload-firebasehosting.googleapis.com/upload/sites/programmer-621f5/versions/f28d2ff28c5e4c82/files/14b46c35bc41994a66830d42634d4450a773c9e121dd431251d26e7b9e8f8a4a [stream]
[debug] [2023-01-13T04:20:20.688Z] <<< [apiv2][status] POST https://upload-firebasehosting.googleapis.com/upload/sites/programmer-621f5/versions/f28d2ff28c5e4c82/files/bd1e0066b9411b201b052e21c896fabd63e67e6b1a347079eb4c70e5a46a41bf 200
[debug] [2023-01-13T04:20:20.689Z] <<< [apiv2][body] POST https://upload-firebasehosting.googleapis.com/upload/sites/programmer-621f5/versions/f28d2ff28c5e4c82/files/bd1e0066b9411b201b052e21c896fabd63e67e6b1a347079eb4c70e5a46a41bf [stream]
[debug] [2023-01-13T04:20:20.753Z] <<< [apiv2][status] POST https://upload-firebasehosting.googleapis.com/upload/sites/programmer-621f5/versions/f28d2ff28c5e4c82/files/29a7bb55d7d94f9517a115a625fdac44bf5393e69a3602ac2eea5571d4be7a2e 200
[debug] [2023-01-13T04:20:20.753Z] <<< [apiv2][body] POST https://upload-firebasehosting.googleapis.com/upload/sites/programmer-621f5/versions/f28d2ff28c5e4c82/files/29a7bb55d7d94f9517a115a625fdac44bf5393e69a3602ac2eea5571d4be7a2e [stream]
[debug] [2023-01-13T04:20:20.772Z] <<< [apiv2][status] POST https://upload-firebasehosting.googleapis.com/upload/sites/programmer-621f5/versions/f28d2ff28c5e4c82/files/4d252de489c3a95d561814a3dbb28fb7250b920db4b557a684bbfc8a3bd29205 200
[debug] [2023-01-13T04:20:20.772Z] <<< [apiv2][body] POST https://upload-firebasehosting.googleapis.com/upload/sites/programmer-621f5/versions/f28d2ff28c5e4c82/files/4d252de489c3a95d561814a3dbb28fb7250b920db4b557a684bbfc8a3bd29205 [stream]
[debug] [2023-01-13T04:20:20.797Z] <<< [apiv2][status] POST https://upload-firebasehosting.googleapis.com/upload/sites/programmer-621f5/versions/f28d2ff28c5e4c82/files/257fe36b0c258e90f9d5d8474d39c6a7262c2c331f4b1ae257bd35dae13e1ca0 200
[debug] [2023-01-13T04:20:20.798Z] <<< [apiv2][body] POST https://upload-firebasehosting.googleapis.com/upload/sites/programmer-621f5/versions/f28d2ff28c5e4c82/files/257fe36b0c258e90f9d5d8474d39c6a7262c2c331f4b1ae257bd35dae13e1ca0 [stream]
[debug] [2023-01-13T04:20:20.877Z] <<< [apiv2][status] POST https://upload-firebasehosting.googleapis.com/upload/sites/programmer-621f5/versions/f28d2ff28c5e4c82/files/ff53886203eaff822f568f2ae738b46f8bca9ead836fc7867490b764ff3a0539 200
[debug] [2023-01-13T04:20:20.877Z] <<< [apiv2][body] POST https://upload-firebasehosting.googleapis.com/upload/sites/programmer-621f5/versions/f28d2ff28c5e4c82/files/ff53886203eaff822f568f2ae738b46f8bca9ead836fc7867490b764ff3a0539 [stream]
[debug] [2023-01-13T04:20:20.906Z] <<< [apiv2][status] POST https://upload-firebasehosting.googleapis.com/upload/sites/programmer-621f5/versions/f28d2ff28c5e4c82/files/010e191adba435f233e727ffc6d02b1c126b57197f0094104c46ee5fcb7e80c7 200
[debug] [2023-01-13T04:20:20.906Z] <<< [apiv2][body] POST https://upload-firebasehosting.googleapis.com/upload/sites/programmer-621f5/versions/f28d2ff28c5e4c82/files/010e191adba435f233e727ffc6d02b1c126b57197f0094104c46ee5fcb7e80c7 [stream]
[debug] [2023-01-13T04:20:20.915Z] <<< [apiv2][status] POST https://upload-firebasehosting.googleapis.com/upload/sites/programmer-621f5/versions/f28d2ff28c5e4c82/files/a0511c1e196bd7c79721959ca63bc9cefb72c1a5b99e6ccc70b5bd4ae7e1f7fd 200
[debug] [2023-01-13T04:20:20.915Z] <<< [apiv2][body] POST https://upload-firebasehosting.googleapis.com/upload/sites/programmer-621f5/versions/f28d2ff28c5e4c82/files/a0511c1e196bd7c79721959ca63bc9cefb72c1a5b99e6ccc70b5bd4ae7e1f7fd [stream]
[debug] [2023-01-13T04:20:20.968Z] <<< [apiv2][status] POST https://upload-firebasehosting.googleapis.com/upload/sites/programmer-621f5/versions/f28d2ff28c5e4c82/files/dc722b65fceb31f7761e2a810cf9f74594fec15fc0fd45a1d4b71b089113fc2f 200
[debug] [2023-01-13T04:20:20.969Z] <<< [apiv2][body] POST https://upload-firebasehosting.googleapis.com/upload/sites/programmer-621f5/versions/f28d2ff28c5e4c82/files/dc722b65fceb31f7761e2a810cf9f74594fec15fc0fd45a1d4b71b089113fc2f [stream]
[debug] [2023-01-13T04:20:20.987Z] <<< [apiv2][status] POST https://upload-firebasehosting.googleapis.com/upload/sites/programmer-621f5/versions/f28d2ff28c5e4c82/files/a330d87c109cc4e8c578a6f97c5ebed007ce498c84cf15d89b4f0bfcacafb2cf 200
[debug] [2023-01-13T04:20:20.988Z] <<< [apiv2][body] POST https://upload-firebasehosting.googleapis.com/upload/sites/programmer-621f5/versions/f28d2ff28c5e4c82/files/a330d87c109cc4e8c578a6f97c5ebed007ce498c84cf15d89b4f0bfcacafb2cf [stream]
[debug] [2023-01-13T04:20:21.002Z] <<< [apiv2][status] POST https://upload-firebasehosting.googleapis.com/upload/sites/programmer-621f5/versions/f28d2ff28c5e4c82/files/6c71a7c05371c8f468ecf55dff272c616ca165cf4a6cdd28fa58b91aaefa6b39 200
[debug] [2023-01-13T04:20:21.002Z] <<< [apiv2][body] POST https://upload-firebasehosting.googleapis.com/upload/sites/programmer-621f5/versions/f28d2ff28c5e4c82/files/6c71a7c05371c8f468ecf55dff272c616ca165cf4a6cdd28fa58b91aaefa6b39 [stream]
[debug] [2023-01-13T04:20:21.012Z] <<< [apiv2][status] POST https://upload-firebasehosting.googleapis.com/upload/sites/programmer-621f5/versions/f28d2ff28c5e4c82/files/ba3d94e6252240399b735d2ce16aeb3cf33cca4f376957938325f9fd38c50d41 200
[debug] [2023-01-13T04:20:21.013Z] <<< [apiv2][body] POST https://upload-firebasehosting.googleapis.com/upload/sites/programmer-621f5/versions/f28d2ff28c5e4c82/files/ba3d94e6252240399b735d2ce16aeb3cf33cca4f376957938325f9fd38c50d41 [stream]
[debug] [2023-01-13T04:20:21.049Z] <<< [apiv2][status] POST https://upload-firebasehosting.googleapis.com/upload/sites/programmer-621f5/versions/f28d2ff28c5e4c82/files/f1f0b86c65dc871be341f1f8edcfadc17b570f6f1add5eae8ea35462b902fbda 200
[debug] [2023-01-13T04:20:21.049Z] <<< [apiv2][body] POST https://upload-firebasehosting.googleapis.com/upload/sites/programmer-621f5/versions/f28d2ff28c5e4c82/files/f1f0b86c65dc871be341f1f8edcfadc17b570f6f1add5eae8ea35462b902fbda [stream]
[debug] [2023-01-13T04:20:21.209Z] <<< [apiv2][status] POST https://upload-firebasehosting.googleapis.com/upload/sites/programmer-621f5/versions/f28d2ff28c5e4c82/files/973cf3b45608a9944c5134fe013263a893fe19d5da40f5393ec8002d6532b793 200
[debug] [2023-01-13T04:20:21.210Z] <<< [apiv2][body] POST https://upload-firebasehosting.googleapis.com/upload/sites/programmer-621f5/versions/f28d2ff28c5e4c82/files/973cf3b45608a9944c5134fe013263a893fe19d5da40f5393ec8002d6532b793 [stream]
[debug] [2023-01-13T04:20:21.216Z] <<< [apiv2][status] POST https://upload-firebasehosting.googleapis.com/upload/sites/programmer-621f5/versions/f28d2ff28c5e4c82/files/3585d03d3ad5789125a75f7c0cce9937b3fff6f006b36c02360c1f0222e2659d 200
[debug] [2023-01-13T04:20:21.216Z] <<< [apiv2][body] POST https://upload-firebasehosting.googleapis.com/upload/sites/programmer-621f5/versions/f28d2ff28c5e4c82/files/3585d03d3ad5789125a75f7c0cce9937b3fff6f006b36c02360c1f0222e2659d [stream]
[debug] [2023-01-13T04:20:21.837Z] <<< [apiv2][status] POST https://upload-firebasehosting.googleapis.com/upload/sites/programmer-621f5/versions/f28d2ff28c5e4c82/files/d30945318bbfeee5fac600ef485fa128fd86be579540061e24d6ab0fbecc4e8c 200
[debug] [2023-01-13T04:20:21.839Z] <<< [apiv2][body] POST https://upload-firebasehosting.googleapis.com/upload/sites/programmer-621f5/versions/f28d2ff28c5e4c82/files/d30945318bbfeee5fac600ef485fa128fd86be579540061e24d6ab0fbecc4e8c [stream]
[debug] [2023-01-13T04:20:22.069Z] <<< [apiv2][status] POST https://upload-firebasehosting.googleapis.com/upload/sites/programmer-621f5/versions/f28d2ff28c5e4c82/files/754f55d511101c84b6bb22deb6cf713c498dd4c10e31d0dec54092bd233b263c 200
[debug] [2023-01-13T04:20:22.070Z] <<< [apiv2][body] POST https://upload-firebasehosting.googleapis.com/upload/sites/programmer-621f5/versions/f28d2ff28c5e4c82/files/754f55d511101c84b6bb22deb6cf713c498dd4c10e31d0dec54092bd233b263c [stream]
[debug] [2023-01-13T04:20:22.379Z] <<< [apiv2][status] POST https://upload-firebasehosting.googleapis.com/upload/sites/programmer-621f5/versions/f28d2ff28c5e4c82/files/2a0aac89b33c78b9824a20ff69fe9527004fae95a0fffb5a4ed02ccc8507824e 200
[debug] [2023-01-13T04:20:22.380Z] <<< [apiv2][body] POST https://upload-firebasehosting.googleapis.com/upload/sites/programmer-621f5/versions/f28d2ff28c5e4c82/files/2a0aac89b33c78b9824a20ff69fe9527004fae95a0fffb5a4ed02ccc8507824e [stream]
[debug] [2023-01-13T04:20:22.381Z] [hosting][upload queue][FINAL] {"max":3658,"min":1891,"avg":2394.6666666666665,"active":0,"complete":18,"success":18,"errored":0,"retried":0,"total":18,"elapsed":3668}
[info] +  hosting[programmer-621f5]: file upload complete 
[debug] [2023-01-13T04:20:22.390Z] [hosting] deploy completed after 6823ms
[debug] [2023-01-13T04:20:22.394Z] [
  {
    "config": {
      "public": "build",
      "ignore": [
        "firebase.json",
        "**/.*",
        "**/node_modules/**"
      ],
      "rewrites": [
        {
          "source": "**",
          "destination": "/index.html"
        }
      ],
      "site": "programmer-621f5"
    },
    "version": "projects/437213961854/sites/programmer-621f5/versions/f28d2ff28c5e4c82"
  }
]
[info] i  hosting[programmer-621f5]: finalizing version... 
[debug] [2023-01-13T04:20:22.406Z] >>> [apiv2][query] PATCH https://firebasehosting.googleapis.com/v1beta1/projects/-/sites/programmer-621f5/versions/f28d2ff28c5e4c82 updateMask=status%2Cconfig
[debug] [2023-01-13T04:20:22.406Z] >>> [apiv2][body] PATCH https://firebasehosting.googleapis.com/v1beta1/projects/-/sites/programmer-621f5/versions/f28d2ff28c5e4c82 {"status":"FINALIZED","config":{"rewrites":[{"glob":"**","path":"/index.html"}]}}
[debug] [2023-01-13T04:20:23.523Z] <<< [apiv2][status] PATCH https://firebasehosting.googleapis.com/v1beta1/projects/-/sites/programmer-621f5/versions/f28d2ff28c5e4c82 200
[debug] [2023-01-13T04:20:23.523Z] <<< [apiv2][body] PATCH https://firebasehosting.googleapis.com/v1beta1/projects/-/sites/programmer-621f5/versions/f28d2ff28c5e4c82 {"name":"projects/437213961854/sites/programmer-621f5/versions/f28d2ff28c5e4c82","status":"FINALIZED","config":{"rewrites":[{"glob":"**","path":"/index.html"}]},"labels":{"deployment-tool":"cli-firebase"},"createTime":"2023-01-13T04:20:04.959137Z","createUser":{"email":"md.rakibul.islam.0501@gmail.com"},"finalizeTime":"2023-01-13T04:20:22.919671Z","finalizeUser":{"email":"md.rakibul.islam.0501@gmail.com"}}
[debug] [2023-01-13T04:20:23.523Z] [hosting] finalized version for programmer-621f5:[object Object]
[info] +  hosting[programmer-621f5]: version finalized 
[info] i  hosting[programmer-621f5]: releasing new version... 
[debug] [2023-01-13T04:20:23.525Z] >>> [apiv2][query] POST https://firebasehosting.googleapis.com/v1beta1/projects/-/sites/programmer-621f5/channels/live/releases versionName=projects%2F437213961854%2Fsites%2Fprogrammer-621f5%2Fversions%2Ff28d2ff28c5e4c82
[debug] [2023-01-13T04:20:23.526Z] >>> [apiv2][body] POST https://firebasehosting.googleapis.com/v1beta1/projects/-/sites/programmer-621f5/channels/live/releases {}
[debug] [2023-01-13T04:20:24.668Z] <<< [apiv2][status] POST https://firebasehosting.googleapis.com/v1beta1/projects/-/sites/programmer-621f5/channels/live/releases 200
[debug] [2023-01-13T04:20:24.668Z] <<< [apiv2][body] POST https://firebasehosting.googleapis.com/v1beta1/projects/-/sites/programmer-621f5/channels/live/releases {"name":"projects/437213961854/sites/programmer-621f5/channels/live/releases/1673583623473525","version":{"name":"projects/437213961854/sites/programmer-621f5/versions/f28d2ff28c5e4c82","status":"FINALIZED","config":{"rewrites":[{"glob":"**","path":"/index.html"}]},"labels":{"deployment-tool":"cli-firebase"},"createTime":"2023-01-13T04:20:04.959137Z","createUser":{"email":"md.rakibul.islam.0501@gmail.com","imageUrl":"https://lh3.googleusercontent.com/a/AEdFTp6QASoJkedq8KKeNW5UWeyYE9usZzUhaGE6EEDGdg"},"finalizeTime":"2023-01-13T04:20:22.919671Z","finalizeUser":{"email":"md.rakibul.islam.0501@gmail.com","imageUrl":"https://lh3.googleusercontent.com/a/AEdFTp6QASoJkedq8KKeNW5UWeyYE9usZzUhaGE6EEDGdg"}},"type":"DEPLOY","releaseTime":"2023-01-13T04:20:23.473525769Z","releaseUser":{"email":"md.rakibul.islam.0501@gmail.com","imageUrl":"https://lh3.googleusercontent.com/a/AEdFTp6QASoJkedq8KKeNW5UWeyYE9usZzUhaGE6EEDGdg"}}
[debug] [2023-01-13T04:20:24.668Z] [hosting] release: {"name":"projects/437213961854/sites/programmer-621f5/channels/live/releases/1673583623473525","version":{"name":"projects/437213961854/sites/programmer-621f5/versions/f28d2ff28c5e4c82","status":"FINALIZED","config":{"rewrites":[{"glob":"**","path":"/index.html"}]},"labels":{"deployment-tool":"cli-firebase"},"createTime":"2023-01-13T04:20:04.959137Z","createUser":{"email":"md.rakibul.islam.0501@gmail.com","imageUrl":"https://lh3.googleusercontent.com/a/AEdFTp6QASoJkedq8KKeNW5UWeyYE9usZzUhaGE6EEDGdg"},"finalizeTime":"2023-01-13T04:20:22.919671Z","finalizeUser":{"email":"md.rakibul.islam.0501@gmail.com","imageUrl":"https://lh3.googleusercontent.com/a/AEdFTp6QASoJkedq8KKeNW5UWeyYE9usZzUhaGE6EEDGdg"}},"type":"DEPLOY","releaseTime":"2023-01-13T04:20:23.473525769Z","releaseUser":{"email":"md.rakibul.islam.0501@gmail.com","imageUrl":"https://lh3.googleusercontent.com/a/AEdFTp6QASoJkedq8KKeNW5UWeyYE9usZzUhaGE6EEDGdg"}}
[info] +  hosting[programmer-621f5]: release complete 
[info] 
[info] +  Deploy complete! 
[info] 
[info] Project Console: https://console.firebase.google.com/project/programmer-621f5/overview
[info] Hosting URL: https://programmer-621f5.web.app
[debug] [2023-01-13T04:20:55.777Z] Error: Timed out.
    at Timeout._onTimeout (C:\Users\User\AppData\Roaming\npm\node_modules\firebase-tools\lib\utils.js:253:49)
    at listOnTimeout (node:internal/timers:559:17)
    at processTimers (node:internal/timers:502:7)
[error] 
[error] Error: An unexpected error has occurred.
